  main.c
main.c(5): fatal error C1083: Cannot open include file: 'unistd.h': No such file or directory
  ant.c
ant.c(22): warning C4013: 'randFloat' undefined; assuming extern returning int
ant.c(22): warning C4244: 'initializing': conversion from 'int' to 'float', possible loss of data
ant.c(38): error C2143: syntax error: missing ')' before '*'
ant.c(38): error C2081: 'graph': name in formal parameter list illegal
ant.c(38): error C2143: syntax error: missing '{' before '*'
ant.c(38): error C2059: syntax error: ')'
ant.c(38): error C2054: expected '(' to follow 'G'
ant.c(89): error C2143: syntax error: missing ')' before '*'
ant.c(89): error C2081: 'graph': name in formal parameter list illegal
ant.c(89): error C2143: syntax error: missing '{' before '*'
ant.c(89): error C2059: syntax error: ')'
ant.c(89): error C2054: expected '(' to follow 'G'
ant.c(145): error C2143: syntax error: missing ')' before '*'
ant.c(145): error C2081: 'graph': name in formal parameter list illegal
ant.c(145): error C2143: syntax error: missing '{' before '*'
ant.c(145): error C2059: syntax error: ')'
ant.c(145): error C2054: expected '(' to follow 'G'
ant.c(151): error C2143: syntax error: missing ')' before '*'
ant.c(151): error C2081: 'graph': name in formal parameter list illegal
ant.c(151): error C2143: syntax error: missing '{' before '*'
ant.c(151): error C2059: syntax error: ')'
ant.c(151): error C2054: expected '(' to follow 'G'
  Generating Code...
